[2020-12-24 12:11:57,361] INFO [Controller id=0 epoch=1] Sending UpdateMetadata request to brokers Set(0) for 0 partitions (state.change.logger)
[2020-12-24 12:12:21,455] INFO [Controller id=0 epoch=1] Changed partition test-0 state from NonExistentPartition to NewPartition with assigned replicas 0 (state.change.logger)
[2020-12-24 12:12:21,456] INFO [Controller id=0 epoch=1] Sending UpdateMetadata request to brokers Set() for 0 partitions (state.change.logger)
[2020-12-24 12:12:21,459] INFO [Controller id=0 epoch=1] Sending UpdateMetadata request to brokers Set() for 0 partitions (state.change.logger)
[2020-12-24 12:12:21,478] INFO [Controller id=0 epoch=1] Changed partition test-0 from NewPartition to OnlinePartition with state LeaderAndIsr(leader=0, leaderEpoch=0, isr=List(0), zkVersion=0) (state.change.logger)
[2020-12-24 12:12:21,480] INFO [Controller id=0 epoch=1] Sending LeaderAndIsr request to broker 0 with 1 become-leader and 0 become-follower partitions (state.change.logger)
[2020-12-24 12:12:21,481] INFO [Controller id=0 epoch=1] Sending UpdateMetadata request to brokers Set(0) for 1 partitions (state.change.logger)
[2020-12-24 12:12:21,481] INFO [Controller id=0 epoch=1] Sending UpdateMetadata request to brokers Set() for 0 partitions (state.change.logger)
[2020-12-24 12:12:21,485] INFO [Broker id=0] Handling LeaderAndIsr request correlationId 1 from controller 0 for 1 partitions (state.change.logger)
[2020-12-24 12:12:21,497] INFO [Broker id=0] Stopped fetchers as part of LeaderAndIsr request correlationId 1 from controller 0 epoch 1 as part of the become-leader transition for 1 partitions (state.change.logger)
[2020-12-24 12:12:21,549] INFO [Broker id=0] Leader test-0 starts at leader epoch 0 from offset 0 with high watermark 0 ISR [0] addingReplicas [] removingReplicas []. Previous leader epoch was -1. (state.change.logger)
[2020-12-24 12:12:21,571] INFO [Broker id=0] Add 1 partitions and deleted 0 partitions from metadata cache in response to UpdateMetadata request sent by controller 0 epoch 1 with correlation id 2 (state.change.logger)
[2020-12-24 12:12:32,882] INFO [Controller id=0 epoch=1] Changed partition __consumer_offsets-22 state from NonExistentPartition to NewPartition with assigned replicas 0 (state.change.logger)
[2020-12-24 12:12:32,882] INFO [Controller id=0 epoch=1] Changed partition __consumer_offsets-30 state from NonExistentPartition to NewPartition with assigned replicas 0 (state.change.logger)
[2020-12-24 12:12:32,882] INFO [Controller id=0 epoch=1] Changed partition __consumer_offsets-8 state from NonExistentPartition to NewPartition with assigned replicas 0 (state.change.logger)
[2020-12-24 12:12:32,882] INFO [Controller id=0 epoch=1] Changed partition __consumer_offsets-21 state from NonExistentPartition to NewPartition with assigned replicas 0 (state.change.logger)
[2020-12-24 12:12:32,882] INFO [Controller id=0 epoch=1] Changed partition __consumer_offsets-4 state from NonExistentPartition to NewPartition with assigned replicas 0 (state.change.logger)
[2020-12-24 12:12:32,882] INFO [Controller id=0 epoch=1] Changed partition __consumer_offsets-27 state from NonExistentPartition to NewPartition with assigned replicas 0 (state.change.logger)
[2020-12-24 12:12:32,882] INFO [Controller id=0 epoch=1] Changed partition __consumer_offsets-7 state from NonExistentPartition to NewPartition with assigned replicas 0 (state.change.logger)
[2020-12-24 12:12:32,882] INFO [Controller id=0 epoch=1] Changed partition __consumer_offsets-9 state from NonExistentPartition to NewPartition with assigned replicas 0 (state.change.logger)
[2020-12-24 12:12:32,882] INFO [Controller id=0 epoch=1] Changed partition __consumer_offsets-46 state from NonExistentPartition to NewPartition with assigned replicas 0 (state.change.logger)
[2020-12-24 12:12:32,882] INFO [Controller id=0 epoch=1] Changed partition __consumer_offsets-25 state from NonExistentPartition to NewPartition with assigned replicas 0 (state.change.logger)
[2020-12-24 12:12:32,882] INFO [Controller id=0 epoch=1] Changed partition __consumer_offsets-35 state from NonExistentPartition to NewPartition with assigned replicas 0 (state.change.logger)
[2020-12-24 12:12:32,882] INFO [Controller id=0 epoch=1] Changed partition __consumer_offsets-41 state from NonExistentPartition to NewPartition with assigned replicas 0 (state.change.logger)
[2020-12-24 12:12:32,883] INFO [Controller id=0 epoch=1] Changed partition __consumer_offsets-33 state from NonExistentPartition to NewPartition with assigned replicas 0 (state.change.logger)
[2020-12-24 12:12:32,883] INFO [Controller id=0 epoch=1] Changed partition __consumer_offsets-23 state from NonExistentPartition to NewPartition with assigned replicas 0 (state.change.logger)
[2020-12-24 12:12:32,883] INFO [Controller id=0 epoch=1] Changed partition __consumer_offsets-49 state from NonExistentPartition to NewPartition with assigned replicas 0 (state.change.logger)
[2020-12-24 12:12:32,883] INFO [Controller id=0 epoch=1] Changed partition __consumer_offsets-47 state from NonExistentPartition to NewPartition with assigned replicas 0 (state.change.logger)
[2020-12-24 12:12:32,883] INFO [Controller id=0 epoch=1] Changed partition __consumer_offsets-16 state from NonExistentPartition to NewPartition with assigned replicas 0 (state.change.logger)
[2020-12-24 12:12:32,883] INFO [Controller id=0 epoch=1] Changed partition __consumer_offsets-28 state from NonExistentPartition to NewPartition with assigned replicas 0 (state.change.logger)
[2020-12-24 12:12:32,883] INFO [Controller id=0 epoch=1] Changed partition __consumer_offsets-31 state from NonExistentPartition to NewPartition with assigned replicas 0 (state.change.logger)
[2020-12-24 12:12:32,883] INFO [Controller id=0 epoch=1] Changed partition __consumer_offsets-36 state from NonExistentPartition to NewPartition with assigned replicas 0 (state.change.logger)
[2020-12-24 12:12:32,883] INFO [Controller id=0 epoch=1] Changed partition __consumer_offsets-42 state from NonExistentPartition to NewPartition with assigned replicas 0 (state.change.logger)
[2020-12-24 12:12:32,883] INFO [Controller id=0 epoch=1] Changed partition __consumer_offsets-3 state from NonExistentPartition to NewPartition with assigned replicas 0 (state.change.logger)
[2020-12-24 12:12:32,883] INFO [Controller id=0 epoch=1] Changed partition __consumer_offsets-18 state from NonExistentPartition to NewPartition with assigned replicas 0 (state.change.logger)
[2020-12-24 12:12:32,883] INFO [Controller id=0 epoch=1] Changed partition __consumer_offsets-37 state from NonExistentPartition to NewPartition with assigned replicas 0 (state.change.logger)
[2020-12-24 12:12:32,883] INFO [Controller id=0 epoch=1] Changed partition __consumer_offsets-15 state from NonExistentPartition to NewPartition with assigned replicas 0 (state.change.logger)
[2020-12-24 12:12:32,883] INFO [Controller id=0 epoch=1] Changed partition __consumer_offsets-24 state from NonExistentPartition to NewPartition with assigned replicas 0 (state.change.logger)
[2020-12-24 12:12:32,883] INFO [Controller id=0 epoch=1] Changed partition __consumer_offsets-38 state from NonExistentPartition to NewPartition with assigned replicas 0 (state.change.logger)
[2020-12-24 12:12:32,883] INFO [Controller id=0 epoch=1] Changed partition __consumer_offsets-17 state from NonExistentPartition to NewPartition with assigned replicas 0 (state.change.logger)
[2020-12-24 12:12:32,883] INFO [Controller id=0 epoch=1] Changed partition __consumer_offsets-48 state from NonExistentPartition to NewPartition with assigned replicas 0 (state.change.logger)
[2020-12-24 12:12:32,883] INFO [Controller id=0 epoch=1] Changed partition __consumer_offsets-19 state from NonExistentPartition to NewPartition with assigned replicas 0 (state.change.logger)
[2020-12-24 12:12:32,883] INFO [Controller id=0 epoch=1] Changed partition __consumer_offsets-11 state from NonExistentPartition to NewPartition with assigned replicas 0 (state.change.logger)
[2020-12-24 12:12:32,883] INFO [Controller id=0 epoch=1] Changed partition __consumer_offsets-13 state from NonExistentPartition to NewPartition with assigned replicas 0 (state.change.logger)
[2020-12-24 12:12:32,883] INFO [Controller id=0 epoch=1] Changed partition __consumer_offsets-2 state from NonExistentPartition to NewPartition with assigned replicas 0 (state.change.logger)
[2020-12-24 12:12:32,883] INFO [Controller id=0 epoch=1] Changed partition __consumer_offsets-43 state from NonExistentPartition to NewPartition with assigned replicas 0 (state.change.logger)
[2020-12-24 12:12:32,883] INFO [Controller id=0 epoch=1] Changed partition __consumer_offsets-6 state from NonExistentPartition to NewPartition with assigned replicas 0 (state.change.logger)
[2020-12-24 12:12:32,883] INFO [Controller id=0 epoch=1] Changed partition __consumer_offsets-14 state from NonExistentPartition to NewPartition with assigned replicas 0 (state.change.logger)
[2020-12-24 12:12:32,883] INFO [Controller id=0 epoch=1] Changed partition __consumer_offsets-20 state from NonExistentPartition to NewPartition with assigned replicas 0 (state.change.logger)
[2020-12-24 12:12:32,883] INFO [Controller id=0 epoch=1] Changed partition __consumer_offsets-0 state from NonExistentPartition to NewPartition with assigned replicas 0 (state.change.logger)
[2020-12-24 12:12:32,884] INFO [Controller id=0 epoch=1] Changed partition __consumer_offsets-44 state from NonExistentPartition to NewPartition with assigned replicas 0 (state.change.logger)
[2020-12-24 12:12:32,884] INFO [Controller id=0 epoch=1] Changed partition __consumer_offsets-39 state from NonExistentPartition to NewPartition with assigned replicas 0 (state.change.logger)
[2020-12-24 12:12:32,884] INFO [Controller id=0 epoch=1] Changed partition __consumer_offsets-12 state from NonExistentPartition to NewPartition with assigned replicas 0 (state.change.logger)
[2020-12-24 12:12:32,884] INFO [Controller id=0 epoch=1] Changed partition __consumer_offsets-45 state from NonExistentPartition to NewPartition with assigned replicas 0 (state.change.logger)
[2020-12-24 12:12:32,884] INFO [Controller id=0 epoch=1] Changed partition __consumer_offsets-1 state from NonExistentPartition to NewPartition with assigned replicas 0 (state.change.logger)
[2020-12-24 12:12:32,884] INFO [Controller id=0 epoch=1] Changed partition __consumer_offsets-5 state from NonExistentPartition to NewPartition with assigned replicas 0 (state.change.logger)
[2020-12-24 12:12:32,884] INFO [Controller id=0 epoch=1] Changed partition __consumer_offsets-26 state from NonExistentPartition to NewPartition with assigned replicas 0 (state.change.logger)
[2020-12-24 12:12:32,884] INFO [Controller id=0 epoch=1] Changed partition __consumer_offsets-29 state from NonExistentPartition to NewPartition with assigned replicas 0 (state.change.logger)
[2020-12-24 12:12:32,884] INFO [Controller id=0 epoch=1] Changed partition __consumer_offsets-34 state from NonExistentPartition to NewPartition with assigned replicas 0 (state.change.logger)
[2020-12-24 12:12:32,884] INFO [Controller id=0 epoch=1] Changed partition __consumer_offsets-10 state from NonExistentPartition to NewPartition with assigned replicas 0 (state.change.logger)
[2020-12-24 12:12:32,884] INFO [Controller id=0 epoch=1] Changed partition __consumer_offsets-32 state from NonExistentPartition to NewPartition with assigned replicas 0 (state.change.logger)
[2020-12-24 12:12:32,884] INFO [Controller id=0 epoch=1] Changed partition __consumer_offsets-40 state from NonExistentPartition to NewPartition with assigned replicas 0 (state.change.logger)
[2020-12-24 12:12:32,884] INFO [Controller id=0 epoch=1] Sending UpdateMetadata request to brokers Set() for 0 partitions (state.change.logger)
[2020-12-24 12:12:32,887] INFO [Controller id=0 epoch=1] Sending UpdateMetadata request to brokers Set() for 0 partitions (state.change.logger)
[2020-12-24 12:12:32,931] INFO [Controller id=0 epoch=1] Changed partition __consumer_offsets-22 from NewPartition to OnlinePartition with state LeaderAndIsr(leader=0, leaderEpoch=0, isr=List(0), zkVersion=0) (state.change.logger)
[2020-12-24 12:12:32,931] INFO [Controller id=0 epoch=1] Changed partition __consumer_offsets-30 from NewPartition to OnlinePartition with state LeaderAndIsr(leader=0, leaderEpoch=0, isr=List(0), zkVersion=0) (state.change.logger)
[2020-12-24 12:12:32,931] INFO [Controller id=0 epoch=1] Changed partition __consumer_offsets-8 from NewPartition to OnlinePartition with state LeaderAndIsr(leader=0, leaderEpoch=0, isr=List(0), zkVersion=0) (state.change.logger)
[2020-12-24 12:12:32,931] INFO [Controller id=0 epoch=1] Changed partition __consumer_offsets-21 from NewPartition to OnlinePartition with state LeaderAndIsr(leader=0, leaderEpoch=0, isr=List(0), zkVersion=0) (state.change.logger)
[2020-12-24 12:12:32,931] INFO [Controller id=0 epoch=1] Changed partition __consumer_offsets-4 from NewPartition to OnlinePartition with state LeaderAndIsr(leader=0, leaderEpoch=0, isr=List(0), zkVersion=0) (state.change.logger)
[2020-12-24 12:12:32,931] INFO [Controller id=0 epoch=1] Changed partition __consumer_offsets-27 from NewPartition to OnlinePartition with state LeaderAndIsr(leader=0, leaderEpoch=0, isr=List(0), zkVersion=0) (state.change.logger)
[2020-12-24 12:12:32,931] INFO [Controller id=0 epoch=1] Changed partition __consumer_offsets-7 from NewPartition to OnlinePartition with state LeaderAndIsr(leader=0, leaderEpoch=0, isr=List(0), zkVersion=0) (state.change.logger)
[2020-12-24 12:12:32,931] INFO [Controller id=0 epoch=1] Changed partition __consumer_offsets-9 from NewPartition to OnlinePartition with state LeaderAndIsr(leader=0, leaderEpoch=0, isr=List(0), zkVersion=0) (state.change.logger)
[2020-12-24 12:12:32,931] INFO [Controller id=0 epoch=1] Changed partition __consumer_offsets-46 from NewPartition to OnlinePartition with state LeaderAndIsr(leader=0, leaderEpoch=0, isr=List(0), zkVersion=0) (state.change.logger)
[2020-12-24 12:12:32,931] INFO [Controller id=0 epoch=1] Changed partition __consumer_offsets-25 from NewPartition to OnlinePartition with state LeaderAndIsr(leader=0, leaderEpoch=0, isr=List(0), zkVersion=0) (state.change.logger)
[2020-12-24 12:12:32,931] INFO [Controller id=0 epoch=1] Changed partition __consumer_offsets-35 from NewPartition to OnlinePartition with state LeaderAndIsr(leader=0, leaderEpoch=0, isr=List(0), zkVersion=0) (state.change.logger)
[2020-12-24 12:12:32,931] INFO [Controller id=0 epoch=1] Changed partition __consumer_offsets-41 from NewPartition to OnlinePartition with state LeaderAndIsr(leader=0, leaderEpoch=0, isr=List(0), zkVersion=0) (state.change.logger)
[2020-12-24 12:12:32,931] INFO [Controller id=0 epoch=1] Changed partition __consumer_offsets-33 from NewPartition to OnlinePartition with state LeaderAndIsr(leader=0, leaderEpoch=0, isr=List(0), zkVersion=0) (state.change.logger)
[2020-12-24 12:12:32,932] INFO [Controller id=0 epoch=1] Changed partition __consumer_offsets-23 from NewPartition to OnlinePartition with state LeaderAndIsr(leader=0, leaderEpoch=0, isr=List(0), zkVersion=0) (state.change.logger)
[2020-12-24 12:12:32,932] INFO [Controller id=0 epoch=1] Changed partition __consumer_offsets-49 from NewPartition to OnlinePartition with state LeaderAndIsr(leader=0, leaderEpoch=0, isr=List(0), zkVersion=0) (state.change.logger)
[2020-12-24 12:12:32,932] INFO [Controller id=0 epoch=1] Changed partition __consumer_offsets-47 from NewPartition to OnlinePartition with state LeaderAndIsr(leader=0, leaderEpoch=0, isr=List(0), zkVersion=0) (state.change.logger)
[2020-12-24 12:12:32,932] INFO [Controller id=0 epoch=1] Changed partition __consumer_offsets-16 from NewPartition to OnlinePartition with state LeaderAndIsr(leader=0, leaderEpoch=0, isr=List(0), zkVersion=0) (state.change.logger)
[2020-12-24 12:12:32,932] INFO [Controller id=0 epoch=1] Changed partition __consumer_offsets-28 from NewPartition to OnlinePartition with state LeaderAndIsr(leader=0, leaderEpoch=0, isr=List(0), zkVersion=0) (state.change.logger)
[2020-12-24 12:12:32,932] INFO [Controller id=0 epoch=1] Changed partition __consumer_offsets-31 from NewPartition to OnlinePartition with state LeaderAndIsr(leader=0, leaderEpoch=0, isr=List(0), zkVersion=0) (state.change.logger)
[2020-12-24 12:12:32,932] INFO [Controller id=0 epoch=1] Changed partition __consumer_offsets-36 from NewPartition to OnlinePartition with state LeaderAndIsr(leader=0, leaderEpoch=0, isr=List(0), zkVersion=0) (state.change.logger)
[2020-12-24 12:12:32,932] INFO [Controller id=0 epoch=1] Changed partition __consumer_offsets-42 from NewPartition to OnlinePartition with state LeaderAndIsr(leader=0, leaderEpoch=0, isr=List(0), zkVersion=0) (state.change.logger)
[2020-12-24 12:12:32,932] INFO [Controller id=0 epoch=1] Changed partition __consumer_offsets-3 from NewPartition to OnlinePartition with state LeaderAndIsr(leader=0, leaderEpoch=0, isr=List(0), zkVersion=0) (state.change.logger)
[2020-12-24 12:12:32,932] INFO [Controller id=0 epoch=1] Changed partition __consumer_offsets-18 from NewPartition to OnlinePartition with state LeaderAndIsr(leader=0, leaderEpoch=0, isr=List(0), zkVersion=0) (state.change.logger)
[2020-12-24 12:12:32,932] INFO [Controller id=0 epoch=1] Changed partition __consumer_offsets-37 from NewPartition to OnlinePartition with state LeaderAndIsr(leader=0, leaderEpoch=0, isr=List(0), zkVersion=0) (state.change.logger)
[2020-12-24 12:12:32,932] INFO [Controller id=0 epoch=1] Changed partition __consumer_offsets-15 from NewPartition to OnlinePartition with state LeaderAndIsr(leader=0, leaderEpoch=0, isr=List(0), zkVersion=0) (state.change.logger)
[2020-12-24 12:12:32,932] INFO [Controller id=0 epoch=1] Changed partition __consumer_offsets-24 from NewPartition to OnlinePartition with state LeaderAndIsr(leader=0, leaderEpoch=0, isr=List(0), zkVersion=0) (state.change.logger)
[2020-12-24 12:12:32,932] INFO [Controller id=0 epoch=1] Changed partition __consumer_offsets-38 from NewPartition to OnlinePartition with state LeaderAndIsr(leader=0, leaderEpoch=0, isr=List(0), zkVersion=0) (state.change.logger)
[2020-12-24 12:12:32,932] INFO [Controller id=0 epoch=1] Changed partition __consumer_offsets-17 from NewPartition to OnlinePartition with state LeaderAndIsr(leader=0, leaderEpoch=0, isr=List(0), zkVersion=0) (state.change.logger)
[2020-12-24 12:12:32,932] INFO [Controller id=0 epoch=1] Changed partition __consumer_offsets-48 from NewPartition to OnlinePartition with state LeaderAndIsr(leader=0, leaderEpoch=0, isr=List(0), zkVersion=0) (state.change.logger)
[2020-12-24 12:12:32,932] INFO [Controller id=0 epoch=1] Changed partition __consumer_offsets-19 from NewPartition to OnlinePartition with state LeaderAndIsr(leader=0, leaderEpoch=0, isr=List(0), zkVersion=0) (state.change.logger)
[2020-12-24 12:12:32,932] INFO [Controller id=0 epoch=1] Changed partition __consumer_offsets-11 from NewPartition to OnlinePartition with state LeaderAndIsr(leader=0, leaderEpoch=0, isr=List(0), zkVersion=0) (state.change.logger)
[2020-12-24 12:12:32,932] INFO [Controller id=0 epoch=1] Changed partition __consumer_offsets-13 from NewPartition to OnlinePartition with state LeaderAndIsr(leader=0, leaderEpoch=0, isr=List(0), zkVersion=0) (state.change.logger)
[2020-12-24 12:12:32,932] INFO [Controller id=0 epoch=1] Changed partition __consumer_offsets-2 from NewPartition to OnlinePartition with state LeaderAndIsr(leader=0, leaderEpoch=0, isr=List(0), zkVersion=0) (state.change.logger)
[2020-12-24 12:12:32,932] INFO [Controller id=0 epoch=1] Changed partition __consumer_offsets-43 from NewPartition to OnlinePartition with state LeaderAndIsr(leader=0, leaderEpoch=0, isr=List(0), zkVersion=0) (state.change.logger)
[2020-12-24 12:12:32,932] INFO [Controller id=0 epoch=1] Changed partition __consumer_offsets-6 from NewPartition to OnlinePartition with state LeaderAndIsr(leader=0, leaderEpoch=0, isr=List(0), zkVersion=0) (state.change.logger)
[2020-12-24 12:12:32,932] INFO [Controller id=0 epoch=1] Changed partition __consumer_offsets-14 from NewPartition to OnlinePartition with state LeaderAndIsr(leader=0, leaderEpoch=0, isr=List(0), zkVersion=0) (state.change.logger)
[2020-12-24 12:12:32,932] INFO [Controller id=0 epoch=1] Changed partition __consumer_offsets-20 from NewPartition to OnlinePartition with state LeaderAndIsr(leader=0, leaderEpoch=0, isr=List(0), zkVersion=0) (state.change.logger)
[2020-12-24 12:12:32,932] INFO [Controller id=0 epoch=1] Changed partition __consumer_offsets-0 from NewPartition to OnlinePartition with state LeaderAndIsr(leader=0, leaderEpoch=0, isr=List(0), zkVersion=0) (state.change.logger)
[2020-12-24 12:12:32,932] INFO [Controller id=0 epoch=1] Changed partition __consumer_offsets-44 from NewPartition to OnlinePartition with state LeaderAndIsr(leader=0, leaderEpoch=0, isr=List(0), zkVersion=0) (state.change.logger)
[2020-12-24 12:12:32,932] INFO [Controller id=0 epoch=1] Changed partition __consumer_offsets-39 from NewPartition to OnlinePartition with state LeaderAndIsr(leader=0, leaderEpoch=0, isr=List(0), zkVersion=0) (state.change.logger)
[2020-12-24 12:12:32,932] INFO [Controller id=0 epoch=1] Changed partition __consumer_offsets-12 from NewPartition to OnlinePartition with state LeaderAndIsr(leader=0, leaderEpoch=0, isr=List(0), zkVersion=0) (state.change.logger)
[2020-12-24 12:12:32,932] INFO [Controller id=0 epoch=1] Changed partition __consumer_offsets-45 from NewPartition to OnlinePartition with state LeaderAndIsr(leader=0, leaderEpoch=0, isr=List(0), zkVersion=0) (state.change.logger)
[2020-12-24 12:12:32,932] INFO [Controller id=0 epoch=1] Changed partition __consumer_offsets-1 from NewPartition to OnlinePartition with state LeaderAndIsr(leader=0, leaderEpoch=0, isr=List(0), zkVersion=0) (state.change.logger)
[2020-12-24 12:12:32,932] INFO [Controller id=0 epoch=1] Changed partition __consumer_offsets-5 from NewPartition to OnlinePartition with state LeaderAndIsr(leader=0, leaderEpoch=0, isr=List(0), zkVersion=0) (state.change.logger)
[2020-12-24 12:12:32,932] INFO [Controller id=0 epoch=1] Changed partition __consumer_offsets-26 from NewPartition to OnlinePartition with state LeaderAndIsr(leader=0, leaderEpoch=0, isr=List(0), zkVersion=0) (state.change.logger)
[2020-12-24 12:12:32,932] INFO [Controller id=0 epoch=1] Changed partition __consumer_offsets-29 from NewPartition to OnlinePartition with state LeaderAndIsr(leader=0, leaderEpoch=0, isr=List(0), zkVersion=0) (state.change.logger)
[2020-12-24 12:12:32,932] INFO [Controller id=0 epoch=1] Changed partition __consumer_offsets-34 from NewPartition to OnlinePartition with state LeaderAndIsr(leader=0, leaderEpoch=0, isr=List(0), zkVersion=0) (state.change.logger)
[2020-12-24 12:12:32,933] INFO [Controller id=0 epoch=1] Changed partition __consumer_offsets-10 from NewPartition to OnlinePartition with state LeaderAndIsr(leader=0, leaderEpoch=0, isr=List(0), zkVersion=0) (state.change.logger)
[2020-12-24 12:12:32,933] INFO [Controller id=0 epoch=1] Changed partition __consumer_offsets-32 from NewPartition to OnlinePartition with state LeaderAndIsr(leader=0, leaderEpoch=0, isr=List(0), zkVersion=0) (state.change.logger)
[2020-12-24 12:12:32,933] INFO [Controller id=0 epoch=1] Changed partition __consumer_offsets-40 from NewPartition to OnlinePartition with state LeaderAndIsr(leader=0, leaderEpoch=0, isr=List(0), zkVersion=0) (state.change.logger)
[2020-12-24 12:12:32,933] INFO [Controller id=0 epoch=1] Sending LeaderAndIsr request to broker 0 with 50 become-leader and 0 become-follower partitions (state.change.logger)
[2020-12-24 12:12:32,933] INFO [Controller id=0 epoch=1] Sending UpdateMetadata request to brokers Set(0) for 50 partitions (state.change.logger)
[2020-12-24 12:12:32,934] INFO [Controller id=0 epoch=1] Sending UpdateMetadata request to brokers Set() for 0 partitions (state.change.logger)
[2020-12-24 12:12:32,935] INFO [Broker id=0] Handling LeaderAndIsr request correlationId 3 from controller 0 for 50 partitions (state.change.logger)
[2020-12-24 12:12:32,954] INFO [Broker id=0] Stopped fetchers as part of LeaderAndIsr request correlationId 3 from controller 0 epoch 1 as part of the become-leader transition for 50 partitions (state.change.logger)
[2020-12-24 12:12:32,968] INFO [Broker id=0] Leader __consumer_offsets-0 starts at leader epoch 0 from offset 0 with high watermark 0 ISR [0] addingReplicas [] removingReplicas []. Previous leader epoch was -1. (state.change.logger)
[2020-12-24 12:12:32,979] INFO [Broker id=0] Leader __consumer_offsets-29 starts at leader epoch 0 from offset 0 with high watermark 0 ISR [0] addingReplicas [] removingReplicas []. Previous leader epoch was -1. (state.change.logger)
[2020-12-24 12:12:32,988] INFO [Broker id=0] Leader __consumer_offsets-48 starts at leader epoch 0 from offset 0 with high watermark 0 ISR [0] addingReplicas [] removingReplicas []. Previous leader epoch was -1. (state.change.logger)
[2020-12-24 12:12:32,997] INFO [Broker id=0] Leader __consumer_offsets-10 starts at leader epoch 0 from offset 0 with high watermark 0 ISR [0] addingReplicas [] removingReplicas []. Previous leader epoch was -1. (state.change.logger)
[2020-12-24 12:12:33,004] INFO [Broker id=0] Leader __consumer_offsets-45 starts at leader epoch 0 from offset 0 with high watermark 0 ISR [0] addingReplicas [] removingReplicas []. Previous leader epoch was -1. (state.change.logger)
[2020-12-24 12:12:33,013] INFO [Broker id=0] Leader __consumer_offsets-26 starts at leader epoch 0 from offset 0 with high watermark 0 ISR [0] addingReplicas [] removingReplicas []. Previous leader epoch was -1. (state.change.logger)
[2020-12-24 12:12:33,022] INFO [Broker id=0] Leader __consumer_offsets-7 starts at leader epoch 0 from offset 0 with high watermark 0 ISR [0] addingReplicas [] removingReplicas []. Previous leader epoch was -1. (state.change.logger)
[2020-12-24 12:12:33,031] INFO [Broker id=0] Leader __consumer_offsets-42 starts at leader epoch 0 from offset 0 with high watermark 0 ISR [0] addingReplicas [] removingReplicas []. Previous leader epoch was -1. (state.change.logger)
[2020-12-24 12:12:33,040] INFO [Broker id=0] Leader __consumer_offsets-4 starts at leader epoch 0 from offset 0 with high watermark 0 ISR [0] addingReplicas [] removingReplicas []. Previous leader epoch was -1. (state.change.logger)
[2020-12-24 12:12:33,048] INFO [Broker id=0] Leader __consumer_offsets-23 starts at leader epoch 0 from offset 0 with high watermark 0 ISR [0] addingReplicas [] removingReplicas []. Previous leader epoch was -1. (state.change.logger)
[2020-12-24 12:12:33,055] INFO [Broker id=0] Leader __consumer_offsets-1 starts at leader epoch 0 from offset 0 with high watermark 0 ISR [0] addingReplicas [] removingReplicas []. Previous leader epoch was -1. (state.change.logger)
[2020-12-24 12:12:33,063] INFO [Broker id=0] Leader __consumer_offsets-20 starts at leader epoch 0 from offset 0 with high watermark 0 ISR [0] addingReplicas [] removingReplicas []. Previous leader epoch was -1. (state.change.logger)
[2020-12-24 12:12:33,072] INFO [Broker id=0] Leader __consumer_offsets-39 starts at leader epoch 0 from offset 0 with high watermark 0 ISR [0] addingReplicas [] removingReplicas []. Previous leader epoch was -1. (state.change.logger)
[2020-12-24 12:12:33,080] INFO [Broker id=0] Leader __consumer_offsets-17 starts at leader epoch 0 from offset 0 with high watermark 0 ISR [0] addingReplicas [] removingReplicas []. Previous leader epoch was -1. (state.change.logger)
[2020-12-24 12:12:33,089] INFO [Broker id=0] Leader __consumer_offsets-36 starts at leader epoch 0 from offset 0 with high watermark 0 ISR [0] addingReplicas [] removingReplicas []. Previous leader epoch was -1. (state.change.logger)
[2020-12-24 12:12:33,097] INFO [Broker id=0] Leader __consumer_offsets-14 starts at leader epoch 0 from offset 0 with high watermark 0 ISR [0] addingReplicas [] removingReplicas []. Previous leader epoch was -1. (state.change.logger)
[2020-12-24 12:12:33,105] INFO [Broker id=0] Leader __consumer_offsets-33 starts at leader epoch 0 from offset 0 with high watermark 0 ISR [0] addingReplicas [] removingReplicas []. Previous leader epoch was -1. (state.change.logger)
[2020-12-24 12:12:33,113] INFO [Broker id=0] Leader __consumer_offsets-49 starts at leader epoch 0 from offset 0 with high watermark 0 ISR [0] addingReplicas [] removingReplicas []. Previous leader epoch was -1. (state.change.logger)
[2020-12-24 12:12:33,120] INFO [Broker id=0] Leader __consumer_offsets-11 starts at leader epoch 0 from offset 0 with high watermark 0 ISR [0] addingReplicas [] removingReplicas []. Previous leader epoch was -1. (state.change.logger)
[2020-12-24 12:12:33,128] INFO [Broker id=0] Leader __consumer_offsets-30 starts at leader epoch 0 from offset 0 with high watermark 0 ISR [0] addingReplicas [] removingReplicas []. Previous leader epoch was -1. (state.change.logger)
[2020-12-24 12:12:33,136] INFO [Broker id=0] Leader __consumer_offsets-46 starts at leader epoch 0 from offset 0 with high watermark 0 ISR [0] addingReplicas [] removingReplicas []. Previous leader epoch was -1. (state.change.logger)
[2020-12-24 12:12:33,145] INFO [Broker id=0] Leader __consumer_offsets-27 starts at leader epoch 0 from offset 0 with high watermark 0 ISR [0] addingReplicas [] removingReplicas []. Previous leader epoch was -1. (state.change.logger)
[2020-12-24 12:12:33,153] INFO [Broker id=0] Leader __consumer_offsets-8 starts at leader epoch 0 from offset 0 with high watermark 0 ISR [0] addingReplicas [] removingReplicas []. Previous leader epoch was -1. (state.change.logger)
[2020-12-24 12:12:33,162] INFO [Broker id=0] Leader __consumer_offsets-24 starts at leader epoch 0 from offset 0 with high watermark 0 ISR [0] addingReplicas [] removingReplicas []. Previous leader epoch was -1. (state.change.logger)
[2020-12-24 12:12:33,169] INFO [Broker id=0] Leader __consumer_offsets-43 starts at leader epoch 0 from offset 0 with high watermark 0 ISR [0] addingReplicas [] removingReplicas []. Previous leader epoch was -1. (state.change.logger)
[2020-12-24 12:12:33,181] INFO [Broker id=0] Leader __consumer_offsets-5 starts at leader epoch 0 from offset 0 with high watermark 0 ISR [0] addingReplicas [] removingReplicas []. Previous leader epoch was -1. (state.change.logger)
[2020-12-24 12:12:33,190] INFO [Broker id=0] Leader __consumer_offsets-21 starts at leader epoch 0 from offset 0 with high watermark 0 ISR [0] addingReplicas [] removingReplicas []. Previous leader epoch was -1. (state.change.logger)
[2020-12-24 12:12:33,199] INFO [Broker id=0] Leader __consumer_offsets-40 starts at leader epoch 0 from offset 0 with high watermark 0 ISR [0] addingReplicas [] removingReplicas []. Previous leader epoch was -1. (state.change.logger)
[2020-12-24 12:12:33,210] INFO [Broker id=0] Leader __consumer_offsets-2 starts at leader epoch 0 from offset 0 with high watermark 0 ISR [0] addingReplicas [] removingReplicas []. Previous leader epoch was -1. (state.change.logger)
[2020-12-24 12:12:33,219] INFO [Broker id=0] Leader __consumer_offsets-37 starts at leader epoch 0 from offset 0 with high watermark 0 ISR [0] addingReplicas [] removingReplicas []. Previous leader epoch was -1. (state.change.logger)
[2020-12-24 12:12:33,228] INFO [Broker id=0] Leader __consumer_offsets-18 starts at leader epoch 0 from offset 0 with high watermark 0 ISR [0] addingReplicas [] removingReplicas []. Previous leader epoch was -1. (state.change.logger)
[2020-12-24 12:12:33,236] INFO [Broker id=0] Leader __consumer_offsets-34 starts at leader epoch 0 from offset 0 with high watermark 0 ISR [0] addingReplicas [] removingReplicas []. Previous leader epoch was -1. (state.change.logger)
[2020-12-24 12:12:33,243] INFO [Broker id=0] Leader __consumer_offsets-15 starts at leader epoch 0 from offset 0 with high watermark 0 ISR [0] addingReplicas [] removingReplicas []. Previous leader epoch was -1. (state.change.logger)
[2020-12-24 12:12:33,250] INFO [Broker id=0] Leader __consumer_offsets-12 starts at leader epoch 0 from offset 0 with high watermark 0 ISR [0] addingReplicas [] removingReplicas []. Previous leader epoch was -1. (state.change.logger)
[2020-12-24 12:12:33,259] INFO [Broker id=0] Leader __consumer_offsets-31 starts at leader epoch 0 from offset 0 with high watermark 0 ISR [0] addingReplicas [] removingReplicas []. Previous leader epoch was -1. (state.change.logger)
[2020-12-24 12:12:33,273] INFO [Broker id=0] Leader __consumer_offsets-9 starts at leader epoch 0 from offset 0 with high watermark 0 ISR [0] addingReplicas [] removingReplicas []. Previous leader epoch was -1. (state.change.logger)
[2020-12-24 12:12:33,289] INFO [Broker id=0] Leader __consumer_offsets-47 starts at leader epoch 0 from offset 0 with high watermark 0 ISR [0] addingReplicas [] removingReplicas []. Previous leader epoch was -1. (state.change.logger)
[2020-12-24 12:12:33,303] INFO [Broker id=0] Leader __consumer_offsets-19 starts at leader epoch 0 from offset 0 with high watermark 0 ISR [0] addingReplicas [] removingReplicas []. Previous leader epoch was -1. (state.change.logger)
[2020-12-24 12:12:33,315] INFO [Broker id=0] Leader __consumer_offsets-28 starts at leader epoch 0 from offset 0 with high watermark 0 ISR [0] addingReplicas [] removingReplicas []. Previous leader epoch was -1. (state.change.logger)
[2020-12-24 12:12:33,323] INFO [Broker id=0] Leader __consumer_offsets-38 starts at leader epoch 0 from offset 0 with high watermark 0 ISR [0] addingReplicas [] removingReplicas []. Previous leader epoch was -1. (state.change.logger)
[2020-12-24 12:12:33,332] INFO [Broker id=0] Leader __consumer_offsets-35 starts at leader epoch 0 from offset 0 with high watermark 0 ISR [0] addingReplicas [] removingReplicas []. Previous leader epoch was -1. (state.change.logger)
[2020-12-24 12:12:33,340] INFO [Broker id=0] Leader __consumer_offsets-6 starts at leader epoch 0 from offset 0 with high watermark 0 ISR [0] addingReplicas [] removingReplicas []. Previous leader epoch was -1. (state.change.logger)
[2020-12-24 12:12:33,349] INFO [Broker id=0] Leader __consumer_offsets-44 starts at leader epoch 0 from offset 0 with high watermark 0 ISR [0] addingReplicas [] removingReplicas []. Previous leader epoch was -1. (state.change.logger)
[2020-12-24 12:12:33,356] INFO [Broker id=0] Leader __consumer_offsets-25 starts at leader epoch 0 from offset 0 with high watermark 0 ISR [0] addingReplicas [] removingReplicas []. Previous leader epoch was -1. (state.change.logger)
[2020-12-24 12:12:33,364] INFO [Broker id=0] Leader __consumer_offsets-16 starts at leader epoch 0 from offset 0 with high watermark 0 ISR [0] addingReplicas [] removingReplicas []. Previous leader epoch was -1. (state.change.logger)
[2020-12-24 12:12:33,372] INFO [Broker id=0] Leader __consumer_offsets-22 starts at leader epoch 0 from offset 0 with high watermark 0 ISR [0] addingReplicas [] removingReplicas []. Previous leader epoch was -1. (state.change.logger)
[2020-12-24 12:12:33,381] INFO [Broker id=0] Leader __consumer_offsets-41 starts at leader epoch 0 from offset 0 with high watermark 0 ISR [0] addingReplicas [] removingReplicas []. Previous leader epoch was -1. (state.change.logger)
[2020-12-24 12:12:33,391] INFO [Broker id=0] Leader __consumer_offsets-32 starts at leader epoch 0 from offset 0 with high watermark 0 ISR [0] addingReplicas [] removingReplicas []. Previous leader epoch was -1. (state.change.logger)
[2020-12-24 12:12:33,400] INFO [Broker id=0] Leader __consumer_offsets-3 starts at leader epoch 0 from offset 0 with high watermark 0 ISR [0] addingReplicas [] removingReplicas []. Previous leader epoch was -1. (state.change.logger)
[2020-12-24 12:12:33,410] INFO [Broker id=0] Leader __consumer_offsets-13 starts at leader epoch 0 from offset 0 with high watermark 0 ISR [0] addingReplicas [] removingReplicas []. Previous leader epoch was -1. (state.change.logger)
[2020-12-24 12:12:33,438] INFO [Broker id=0] Add 50 partitions and deleted 0 partitions from metadata cache in response to UpdateMetadata request sent by controller 0 epoch 1 with correlation id 4 (state.change.logger)
[2020-12-24 12:13:30,139] INFO [Controller id=0 epoch=1] Changed partition sample-0 state from NonExistentPartition to NewPartition with assigned replicas 0 (state.change.logger)
[2020-12-24 12:13:30,139] INFO [Controller id=0 epoch=1] Sending UpdateMetadata request to brokers Set() for 0 partitions (state.change.logger)
[2020-12-24 12:13:30,140] INFO [Controller id=0 epoch=1] Sending UpdateMetadata request to brokers Set() for 0 partitions (state.change.logger)
[2020-12-24 12:13:30,145] INFO [Controller id=0 epoch=1] Changed partition sample-0 from NewPartition to OnlinePartition with state LeaderAndIsr(leader=0, leaderEpoch=0, isr=List(0), zkVersion=0) (state.change.logger)
[2020-12-24 12:13:30,145] INFO [Controller id=0 epoch=1] Sending LeaderAndIsr request to broker 0 with 1 become-leader and 0 become-follower partitions (state.change.logger)
[2020-12-24 12:13:30,145] INFO [Controller id=0 epoch=1] Sending UpdateMetadata request to brokers Set(0) for 1 partitions (state.change.logger)
[2020-12-24 12:13:30,145] INFO [Controller id=0 epoch=1] Sending UpdateMetadata request to brokers Set() for 0 partitions (state.change.logger)
[2020-12-24 12:13:30,145] INFO [Broker id=0] Handling LeaderAndIsr request correlationId 5 from controller 0 for 1 partitions (state.change.logger)
[2020-12-24 12:13:30,146] INFO [Broker id=0] Stopped fetchers as part of LeaderAndIsr request correlationId 5 from controller 0 epoch 1 as part of the become-leader transition for 1 partitions (state.change.logger)
[2020-12-24 12:13:30,156] INFO [Broker id=0] Leader sample-0 starts at leader epoch 0 from offset 0 with high watermark 0 ISR [0] addingReplicas [] removingReplicas []. Previous leader epoch was -1. (state.change.logger)
[2020-12-24 12:13:30,160] INFO [Broker id=0] Add 1 partitions and deleted 0 partitions from metadata cache in response to UpdateMetadata request sent by controller 0 epoch 1 with correlation id 6 (state.change.logger)
[2021-02-08 20:48:57,733] INFO [Controller id=0 epoch=2] Sending UpdateMetadata request to brokers Set(0) for 0 partitions (state.change.logger)
[2021-02-08 20:48:57,794] INFO [Controller id=0 epoch=2] Sending LeaderAndIsr request to broker 0 with 52 become-leader and 0 become-follower partitions (state.change.logger)
[2021-02-08 20:48:57,797] INFO [Controller id=0 epoch=2] Sending UpdateMetadata request to brokers Set(0) for 52 partitions (state.change.logger)
[2021-02-08 20:48:57,860] INFO [Broker id=0] Handling LeaderAndIsr request correlationId 1 from controller 0 for 52 partitions (state.change.logger)
[2021-02-08 20:48:57,901] INFO [Broker id=0] Stopped fetchers as part of LeaderAndIsr request correlationId 1 from controller 0 epoch 2 as part of the become-leader transition for 52 partitions (state.change.logger)
[2021-02-08 20:48:57,918] INFO [Broker id=0] Leader __consumer_offsets-0 starts at leader epoch 0 from offset 0 with high watermark 0 ISR [0] addingReplicas [] removingReplicas []. Previous leader epoch was -1. (state.change.logger)
[2021-02-08 20:48:57,928] INFO [Broker id=0] Leader __consumer_offsets-29 starts at leader epoch 0 from offset 0 with high watermark 0 ISR [0] addingReplicas [] removingReplicas []. Previous leader epoch was -1. (state.change.logger)
[2021-02-08 20:48:57,932] INFO [Broker id=0] Leader __consumer_offsets-48 starts at leader epoch 0 from offset 0 with high watermark 0 ISR [0] addingReplicas [] removingReplicas []. Previous leader epoch was -1. (state.change.logger)
[2021-02-08 20:48:57,937] INFO [Broker id=0] Leader __consumer_offsets-10 starts at leader epoch 0 from offset 0 with high watermark 0 ISR [0] addingReplicas [] removingReplicas []. Previous leader epoch was -1. (state.change.logger)
[2021-02-08 20:48:57,940] INFO [Broker id=0] Leader __consumer_offsets-45 starts at leader epoch 0 from offset 0 with high watermark 0 ISR [0] addingReplicas [] removingReplicas []. Previous leader epoch was -1. (state.change.logger)
[2021-02-08 20:48:57,944] INFO [Broker id=0] Leader __consumer_offsets-26 starts at leader epoch 0 from offset 0 with high watermark 0 ISR [0] addingReplicas [] removingReplicas []. Previous leader epoch was -1. (state.change.logger)
[2021-02-08 20:48:57,948] INFO [Broker id=0] Leader __consumer_offsets-7 starts at leader epoch 0 from offset 0 with high watermark 0 ISR [0] addingReplicas [] removingReplicas []. Previous leader epoch was -1. (state.change.logger)
[2021-02-08 20:48:57,952] INFO [Broker id=0] Leader __consumer_offsets-42 starts at leader epoch 0 from offset 0 with high watermark 0 ISR [0] addingReplicas [] removingReplicas []. Previous leader epoch was -1. (state.change.logger)
[2021-02-08 20:48:57,956] INFO [Broker id=0] Leader __consumer_offsets-4 starts at leader epoch 0 from offset 0 with high watermark 0 ISR [0] addingReplicas [] removingReplicas []. Previous leader epoch was -1. (state.change.logger)
[2021-02-08 20:48:57,960] INFO [Broker id=0] Leader __consumer_offsets-23 starts at leader epoch 0 from offset 0 with high watermark 0 ISR [0] addingReplicas [] removingReplicas []. Previous leader epoch was -1. (state.change.logger)
[2021-02-08 20:48:57,964] INFO [Broker id=0] Leader __consumer_offsets-1 starts at leader epoch 0 from offset 0 with high watermark 0 ISR [0] addingReplicas [] removingReplicas []. Previous leader epoch was -1. (state.change.logger)
[2021-02-08 20:48:57,968] INFO [Broker id=0] Leader __consumer_offsets-20 starts at leader epoch 0 from offset 0 with high watermark 0 ISR [0] addingReplicas [] removingReplicas []. Previous leader epoch was -1. (state.change.logger)
[2021-02-08 20:48:57,972] INFO [Broker id=0] Leader __consumer_offsets-39 starts at leader epoch 0 from offset 0 with high watermark 0 ISR [0] addingReplicas [] removingReplicas []. Previous leader epoch was -1. (state.change.logger)
[2021-02-08 20:48:57,975] INFO [Broker id=0] Leader __consumer_offsets-17 starts at leader epoch 0 from offset 0 with high watermark 0 ISR [0] addingReplicas [] removingReplicas []. Previous leader epoch was -1. (state.change.logger)
[2021-02-08 20:48:57,980] INFO [Broker id=0] Leader __consumer_offsets-36 starts at leader epoch 0 from offset 0 with high watermark 0 ISR [0] addingReplicas [] removingReplicas []. Previous leader epoch was -1. (state.change.logger)
[2021-02-08 20:48:57,983] INFO [Broker id=0] Leader __consumer_offsets-14 starts at leader epoch 0 from offset 0 with high watermark 0 ISR [0] addingReplicas [] removingReplicas []. Previous leader epoch was -1. (state.change.logger)
[2021-02-08 20:48:57,987] INFO [Broker id=0] Leader __consumer_offsets-33 starts at leader epoch 0 from offset 0 with high watermark 0 ISR [0] addingReplicas [] removingReplicas []. Previous leader epoch was -1. (state.change.logger)
[2021-02-08 20:48:57,991] INFO [Broker id=0] Leader __consumer_offsets-49 starts at leader epoch 0 from offset 0 with high watermark 0 ISR [0] addingReplicas [] removingReplicas []. Previous leader epoch was -1. (state.change.logger)
[2021-02-08 20:48:57,996] INFO [Broker id=0] Leader __consumer_offsets-11 starts at leader epoch 0 from offset 0 with high watermark 0 ISR [0] addingReplicas [] removingReplicas []. Previous leader epoch was -1. (state.change.logger)
[2021-02-08 20:48:58,000] INFO [Broker id=0] Leader __consumer_offsets-30 starts at leader epoch 0 from offset 0 with high watermark 0 ISR [0] addingReplicas [] removingReplicas []. Previous leader epoch was -1. (state.change.logger)
[2021-02-08 20:48:58,004] INFO [Broker id=0] Leader test-0 starts at leader epoch 0 from offset 4 with high watermark 4 ISR [0] addingReplicas [] removingReplicas []. Previous leader epoch was -1. (state.change.logger)
[2021-02-08 20:48:58,005] INFO [Broker id=0] Leader __consumer_offsets-46 starts at leader epoch 0 from offset 0 with high watermark 0 ISR [0] addingReplicas [] removingReplicas []. Previous leader epoch was -1. (state.change.logger)
[2021-02-08 20:48:58,009] INFO [Broker id=0] Leader __consumer_offsets-27 starts at leader epoch 0 from offset 0 with high watermark 0 ISR [0] addingReplicas [] removingReplicas []. Previous leader epoch was -1. (state.change.logger)
[2021-02-08 20:48:58,013] INFO [Broker id=0] Leader __consumer_offsets-8 starts at leader epoch 0 from offset 0 with high watermark 0 ISR [0] addingReplicas [] removingReplicas []. Previous leader epoch was -1. (state.change.logger)
[2021-02-08 20:48:58,017] INFO [Broker id=0] Leader __consumer_offsets-24 starts at leader epoch 0 from offset 0 with high watermark 0 ISR [0] addingReplicas [] removingReplicas []. Previous leader epoch was -1. (state.change.logger)
[2021-02-08 20:48:58,021] INFO [Broker id=0] Leader __consumer_offsets-43 starts at leader epoch 0 from offset 0 with high watermark 0 ISR [0] addingReplicas [] removingReplicas []. Previous leader epoch was -1. (state.change.logger)
[2021-02-08 20:48:58,025] INFO [Broker id=0] Leader __consumer_offsets-5 starts at leader epoch 0 from offset 0 with high watermark 0 ISR [0] addingReplicas [] removingReplicas []. Previous leader epoch was -1. (state.change.logger)
[2021-02-08 20:48:58,028] INFO [Broker id=0] Leader __consumer_offsets-21 starts at leader epoch 0 from offset 0 with high watermark 0 ISR [0] addingReplicas [] removingReplicas []. Previous leader epoch was -1. (state.change.logger)
[2021-02-08 20:48:58,032] INFO [Broker id=0] Leader __consumer_offsets-40 starts at leader epoch 0 from offset 0 with high watermark 0 ISR [0] addingReplicas [] removingReplicas []. Previous leader epoch was -1. (state.change.logger)
[2021-02-08 20:48:58,035] INFO [Broker id=0] Leader __consumer_offsets-2 starts at leader epoch 0 from offset 0 with high watermark 0 ISR [0] addingReplicas [] removingReplicas []. Previous leader epoch was -1. (state.change.logger)
[2021-02-08 20:48:58,039] INFO [Broker id=0] Leader __consumer_offsets-37 starts at leader epoch 0 from offset 3 with high watermark 3 ISR [0] addingReplicas [] removingReplicas []. Previous leader epoch was -1. (state.change.logger)
[2021-02-08 20:48:58,040] INFO [Broker id=0] Leader sample-0 starts at leader epoch 0 from offset 0 with high watermark 0 ISR [0] addingReplicas [] removingReplicas []. Previous leader epoch was -1. (state.change.logger)
[2021-02-08 20:48:58,043] INFO [Broker id=0] Leader __consumer_offsets-18 starts at leader epoch 0 from offset 0 with high watermark 0 ISR [0] addingReplicas [] removingReplicas []. Previous leader epoch was -1. (state.change.logger)
[2021-02-08 20:48:58,047] INFO [Broker id=0] Leader __consumer_offsets-34 starts at leader epoch 0 from offset 0 with high watermark 0 ISR [0] addingReplicas [] removingReplicas []. Previous leader epoch was -1. (state.change.logger)
[2021-02-08 20:48:58,052] INFO [Broker id=0] Leader __consumer_offsets-15 starts at leader epoch 0 from offset 0 with high watermark 0 ISR [0] addingReplicas [] removingReplicas []. Previous leader epoch was -1. (state.change.logger)
[2021-02-08 20:48:58,055] INFO [Broker id=0] Leader __consumer_offsets-12 starts at leader epoch 0 from offset 0 with high watermark 0 ISR [0] addingReplicas [] removingReplicas []. Previous leader epoch was -1. (state.change.logger)
[2021-02-08 20:48:58,059] INFO [Broker id=0] Leader __consumer_offsets-31 starts at leader epoch 0 from offset 0 with high watermark 0 ISR [0] addingReplicas [] removingReplicas []. Previous leader epoch was -1. (state.change.logger)
[2021-02-08 20:48:58,063] INFO [Broker id=0] Leader __consumer_offsets-9 starts at leader epoch 0 from offset 0 with high watermark 0 ISR [0] addingReplicas [] removingReplicas []. Previous leader epoch was -1. (state.change.logger)
[2021-02-08 20:48:58,067] INFO [Broker id=0] Leader __consumer_offsets-47 starts at leader epoch 0 from offset 0 with high watermark 0 ISR [0] addingReplicas [] removingReplicas []. Previous leader epoch was -1. (state.change.logger)
[2021-02-08 20:48:58,070] INFO [Broker id=0] Leader __consumer_offsets-19 starts at leader epoch 0 from offset 0 with high watermark 0 ISR [0] addingReplicas [] removingReplicas []. Previous leader epoch was -1. (state.change.logger)
[2021-02-08 20:48:58,075] INFO [Broker id=0] Leader __consumer_offsets-28 starts at leader epoch 0 from offset 0 with high watermark 0 ISR [0] addingReplicas [] removingReplicas []. Previous leader epoch was -1. (state.change.logger)
[2021-02-08 20:48:58,079] INFO [Broker id=0] Leader __consumer_offsets-38 starts at leader epoch 0 from offset 0 with high watermark 0 ISR [0] addingReplicas [] removingReplicas []. Previous leader epoch was -1. (state.change.logger)
[2021-02-08 20:48:58,082] INFO [Broker id=0] Leader __consumer_offsets-35 starts at leader epoch 0 from offset 0 with high watermark 0 ISR [0] addingReplicas [] removingReplicas []. Previous leader epoch was -1. (state.change.logger)
[2021-02-08 20:48:58,086] INFO [Broker id=0] Leader __consumer_offsets-6 starts at leader epoch 0 from offset 0 with high watermark 0 ISR [0] addingReplicas [] removingReplicas []. Previous leader epoch was -1. (state.change.logger)
[2021-02-08 20:48:58,089] INFO [Broker id=0] Leader __consumer_offsets-44 starts at leader epoch 0 from offset 0 with high watermark 0 ISR [0] addingReplicas [] removingReplicas []. Previous leader epoch was -1. (state.change.logger)
[2021-02-08 20:48:58,093] INFO [Broker id=0] Leader __consumer_offsets-25 starts at leader epoch 0 from offset 0 with high watermark 0 ISR [0] addingReplicas [] removingReplicas []. Previous leader epoch was -1. (state.change.logger)
[2021-02-08 20:48:58,097] INFO [Broker id=0] Leader __consumer_offsets-16 starts at leader epoch 0 from offset 0 with high watermark 0 ISR [0] addingReplicas [] removingReplicas []. Previous leader epoch was -1. (state.change.logger)
[2021-02-08 20:48:58,100] INFO [Broker id=0] Leader __consumer_offsets-22 starts at leader epoch 0 from offset 0 with high watermark 0 ISR [0] addingReplicas [] removingReplicas []. Previous leader epoch was -1. (state.change.logger)
[2021-02-08 20:48:58,104] INFO [Broker id=0] Leader __consumer_offsets-41 starts at leader epoch 0 from offset 0 with high watermark 0 ISR [0] addingReplicas [] removingReplicas []. Previous leader epoch was -1. (state.change.logger)
[2021-02-08 20:48:58,108] INFO [Broker id=0] Leader __consumer_offsets-32 starts at leader epoch 0 from offset 0 with high watermark 0 ISR [0] addingReplicas [] removingReplicas []. Previous leader epoch was -1. (state.change.logger)
[2021-02-08 20:48:58,111] INFO [Broker id=0] Leader __consumer_offsets-3 starts at leader epoch 0 from offset 0 with high watermark 0 ISR [0] addingReplicas [] removingReplicas []. Previous leader epoch was -1. (state.change.logger)
[2021-02-08 20:48:58,116] INFO [Broker id=0] Leader __consumer_offsets-13 starts at leader epoch 0 from offset 0 with high watermark 0 ISR [0] addingReplicas [] removingReplicas []. Previous leader epoch was -1. (state.change.logger)
[2021-02-08 20:48:58,177] INFO [Broker id=0] Add 52 partitions and deleted 0 partitions from metadata cache in response to UpdateMetadata request sent by controller 0 epoch 2 with correlation id 2 (state.change.logger)
[2021-02-08 20:49:06,016] INFO [Controller id=0 epoch=2] Changed partition spi.mosi.asic-0 state from NonExistentPartition to NewPartition with assigned replicas 0 (state.change.logger)
[2021-02-08 20:49:06,016] INFO [Controller id=0 epoch=2] Sending UpdateMetadata request to brokers Set() for 0 partitions (state.change.logger)
[2021-02-08 20:49:06,018] INFO [Controller id=0 epoch=2] Sending UpdateMetadata request to brokers Set() for 0 partitions (state.change.logger)
[2021-02-08 20:49:06,035] INFO [Controller id=0 epoch=2] Changed partition spi.mosi.asic-0 from NewPartition to OnlinePartition with state LeaderAndIsr(leader=0, leaderEpoch=0, isr=List(0), zkVersion=0) (state.change.logger)
[2021-02-08 20:49:06,036] INFO [Controller id=0 epoch=2] Sending LeaderAndIsr request to broker 0 with 1 become-leader and 0 become-follower partitions (state.change.logger)
[2021-02-08 20:49:06,036] INFO [Controller id=0 epoch=2] Sending UpdateMetadata request to brokers Set(0) for 1 partitions (state.change.logger)
[2021-02-08 20:49:06,036] INFO [Controller id=0 epoch=2] Sending UpdateMetadata request to brokers Set() for 0 partitions (state.change.logger)
[2021-02-08 20:49:06,037] INFO [Broker id=0] Handling LeaderAndIsr request correlationId 3 from controller 0 for 1 partitions (state.change.logger)
[2021-02-08 20:49:06,038] INFO [Broker id=0] Stopped fetchers as part of LeaderAndIsr request correlationId 3 from controller 0 epoch 2 as part of the become-leader transition for 1 partitions (state.change.logger)
[2021-02-08 20:49:06,052] INFO [Broker id=0] Leader spi.mosi.asic-0 starts at leader epoch 0 from offset 0 with high watermark 0 ISR [0] addingReplicas [] removingReplicas []. Previous leader epoch was -1. (state.change.logger)
[2021-02-08 20:49:06,058] INFO [Broker id=0] Add 1 partitions and deleted 0 partitions from metadata cache in response to UpdateMetadata request sent by controller 0 epoch 2 with correlation id 4 (state.change.logger)
[2021-02-08 20:49:08,462] INFO [Controller id=0 epoch=2] Changed partition spi.miso.asic-0 state from NonExistentPartition to NewPartition with assigned replicas 0 (state.change.logger)
[2021-02-08 20:49:08,462] INFO [Controller id=0 epoch=2] Sending UpdateMetadata request to brokers Set() for 0 partitions (state.change.logger)
[2021-02-08 20:49:08,463] INFO [Controller id=0 epoch=2] Sending UpdateMetadata request to brokers Set() for 0 partitions (state.change.logger)
[2021-02-08 20:49:08,473] INFO [Controller id=0 epoch=2] Changed partition spi.miso.asic-0 from NewPartition to OnlinePartition with state LeaderAndIsr(leader=0, leaderEpoch=0, isr=List(0), zkVersion=0) (state.change.logger)
[2021-02-08 20:49:08,473] INFO [Controller id=0 epoch=2] Sending LeaderAndIsr request to broker 0 with 1 become-leader and 0 become-follower partitions (state.change.logger)
[2021-02-08 20:49:08,473] INFO [Controller id=0 epoch=2] Sending UpdateMetadata request to brokers Set(0) for 1 partitions (state.change.logger)
[2021-02-08 20:49:08,474] INFO [Controller id=0 epoch=2] Sending UpdateMetadata request to brokers Set() for 0 partitions (state.change.logger)
[2021-02-08 20:49:08,474] INFO [Broker id=0] Handling LeaderAndIsr request correlationId 5 from controller 0 for 1 partitions (state.change.logger)
[2021-02-08 20:49:08,476] INFO [Broker id=0] Stopped fetchers as part of LeaderAndIsr request correlationId 5 from controller 0 epoch 2 as part of the become-leader transition for 1 partitions (state.change.logger)
[2021-02-08 20:49:08,496] INFO [Broker id=0] Leader spi.miso.asic-0 starts at leader epoch 0 from offset 0 with high watermark 0 ISR [0] addingReplicas [] removingReplicas []. Previous leader epoch was -1. (state.change.logger)
[2021-02-08 20:49:08,543] INFO [Broker id=0] Add 1 partitions and deleted 0 partitions from metadata cache in response to UpdateMetadata request sent by controller 0 epoch 2 with correlation id 6 (state.change.logger)
[2021-02-08 20:49:10,629] INFO [Controller id=0 epoch=2] Changed partition asic.voltage-0 state from NonExistentPartition to NewPartition with assigned replicas 0 (state.change.logger)
[2021-02-08 20:49:10,629] INFO [Controller id=0 epoch=2] Sending UpdateMetadata request to brokers Set() for 0 partitions (state.change.logger)
[2021-02-08 20:49:10,629] INFO [Controller id=0 epoch=2] Sending UpdateMetadata request to brokers Set() for 0 partitions (state.change.logger)
[2021-02-08 20:49:10,637] INFO [Controller id=0 epoch=2] Changed partition asic.voltage-0 from NewPartition to OnlinePartition with state LeaderAndIsr(leader=0, leaderEpoch=0, isr=List(0), zkVersion=0) (state.change.logger)
[2021-02-08 20:49:10,637] INFO [Controller id=0 epoch=2] Sending LeaderAndIsr request to broker 0 with 1 become-leader and 0 become-follower partitions (state.change.logger)
[2021-02-08 20:49:10,637] INFO [Controller id=0 epoch=2] Sending UpdateMetadata request to brokers Set(0) for 1 partitions (state.change.logger)
[2021-02-08 20:49:10,637] INFO [Controller id=0 epoch=2] Sending UpdateMetadata request to brokers Set() for 0 partitions (state.change.logger)
[2021-02-08 20:49:10,638] INFO [Broker id=0] Handling LeaderAndIsr request correlationId 7 from controller 0 for 1 partitions (state.change.logger)
[2021-02-08 20:49:10,639] INFO [Broker id=0] Stopped fetchers as part of LeaderAndIsr request correlationId 7 from controller 0 epoch 2 as part of the become-leader transition for 1 partitions (state.change.logger)
[2021-02-08 20:49:10,648] INFO [Broker id=0] Leader asic.voltage-0 starts at leader epoch 0 from offset 0 with high watermark 0 ISR [0] addingReplicas [] removingReplicas []. Previous leader epoch was -1. (state.change.logger)
[2021-02-08 20:49:10,652] INFO [Broker id=0] Add 1 partitions and deleted 0 partitions from metadata cache in response to UpdateMetadata request sent by controller 0 epoch 2 with correlation id 8 (state.change.logger)
[2021-02-08 20:49:12,888] INFO [Controller id=0 epoch=2] Changed partition asic.current-0 state from NonExistentPartition to NewPartition with assigned replicas 0 (state.change.logger)
[2021-02-08 20:49:12,888] INFO [Controller id=0 epoch=2] Sending UpdateMetadata request to brokers Set() for 0 partitions (state.change.logger)
[2021-02-08 20:49:12,888] INFO [Controller id=0 epoch=2] Sending UpdateMetadata request to brokers Set() for 0 partitions (state.change.logger)
[2021-02-08 20:49:12,896] INFO [Controller id=0 epoch=2] Changed partition asic.current-0 from NewPartition to OnlinePartition with state LeaderAndIsr(leader=0, leaderEpoch=0, isr=List(0), zkVersion=0) (state.change.logger)
[2021-02-08 20:49:12,896] INFO [Controller id=0 epoch=2] Sending LeaderAndIsr request to broker 0 with 1 become-leader and 0 become-follower partitions (state.change.logger)
[2021-02-08 20:49:12,897] INFO [Controller id=0 epoch=2] Sending UpdateMetadata request to brokers Set(0) for 1 partitions (state.change.logger)
[2021-02-08 20:49:12,897] INFO [Controller id=0 epoch=2] Sending UpdateMetadata request to brokers Set() for 0 partitions (state.change.logger)
[2021-02-08 20:49:12,897] INFO [Broker id=0] Handling LeaderAndIsr request correlationId 9 from controller 0 for 1 partitions (state.change.logger)
[2021-02-08 20:49:12,898] INFO [Broker id=0] Stopped fetchers as part of LeaderAndIsr request correlationId 9 from controller 0 epoch 2 as part of the become-leader transition for 1 partitions (state.change.logger)
[2021-02-08 20:49:12,910] INFO [Broker id=0] Leader asic.current-0 starts at leader epoch 0 from offset 0 with high watermark 0 ISR [0] addingReplicas [] removingReplicas []. Previous leader epoch was -1. (state.change.logger)
[2021-02-08 20:49:12,915] INFO [Broker id=0] Add 1 partitions and deleted 0 partitions from metadata cache in response to UpdateMetadata request sent by controller 0 epoch 2 with correlation id 10 (state.change.logger)
[2021-02-08 20:49:15,106] INFO [Controller id=0 epoch=2] Changed partition asic.phase-0 state from NonExistentPartition to NewPartition with assigned replicas 0 (state.change.logger)
[2021-02-08 20:49:15,106] INFO [Controller id=0 epoch=2] Sending UpdateMetadata request to brokers Set() for 0 partitions (state.change.logger)
[2021-02-08 20:49:15,107] INFO [Controller id=0 epoch=2] Sending UpdateMetadata request to brokers Set() for 0 partitions (state.change.logger)
[2021-02-08 20:49:15,116] INFO [Controller id=0 epoch=2] Changed partition asic.phase-0 from NewPartition to OnlinePartition with state LeaderAndIsr(leader=0, leaderEpoch=0, isr=List(0), zkVersion=0) (state.change.logger)
[2021-02-08 20:49:15,116] INFO [Controller id=0 epoch=2] Sending LeaderAndIsr request to broker 0 with 1 become-leader and 0 become-follower partitions (state.change.logger)
[2021-02-08 20:49:15,116] INFO [Controller id=0 epoch=2] Sending UpdateMetadata request to brokers Set(0) for 1 partitions (state.change.logger)
[2021-02-08 20:49:15,116] INFO [Controller id=0 epoch=2] Sending UpdateMetadata request to brokers Set() for 0 partitions (state.change.logger)
[2021-02-08 20:49:15,117] INFO [Broker id=0] Handling LeaderAndIsr request correlationId 11 from controller 0 for 1 partitions (state.change.logger)
[2021-02-08 20:49:15,118] INFO [Broker id=0] Stopped fetchers as part of LeaderAndIsr request correlationId 11 from controller 0 epoch 2 as part of the become-leader transition for 1 partitions (state.change.logger)
[2021-02-08 20:49:15,137] INFO [Broker id=0] Leader asic.phase-0 starts at leader epoch 0 from offset 0 with high watermark 0 ISR [0] addingReplicas [] removingReplicas []. Previous leader epoch was -1. (state.change.logger)
[2021-02-08 20:49:15,142] INFO [Broker id=0] Add 1 partitions and deleted 0 partitions from metadata cache in response to UpdateMetadata request sent by controller 0 epoch 2 with correlation id 12 (state.change.logger)
[2021-02-08 20:49:17,363] INFO [Controller id=0 epoch=2] Changed partition asic.energy-0 state from NonExistentPartition to NewPartition with assigned replicas 0 (state.change.logger)
[2021-02-08 20:49:17,363] INFO [Controller id=0 epoch=2] Sending UpdateMetadata request to brokers Set() for 0 partitions (state.change.logger)
[2021-02-08 20:49:17,364] INFO [Controller id=0 epoch=2] Sending UpdateMetadata request to brokers Set() for 0 partitions (state.change.logger)
[2021-02-08 20:49:17,372] INFO [Controller id=0 epoch=2] Changed partition asic.energy-0 from NewPartition to OnlinePartition with state LeaderAndIsr(leader=0, leaderEpoch=0, isr=List(0), zkVersion=0) (state.change.logger)
[2021-02-08 20:49:17,372] INFO [Controller id=0 epoch=2] Sending LeaderAndIsr request to broker 0 with 1 become-leader and 0 become-follower partitions (state.change.logger)
[2021-02-08 20:49:17,372] INFO [Controller id=0 epoch=2] Sending UpdateMetadata request to brokers Set(0) for 1 partitions (state.change.logger)
[2021-02-08 20:49:17,373] INFO [Controller id=0 epoch=2] Sending UpdateMetadata request to brokers Set() for 0 partitions (state.change.logger)
[2021-02-08 20:49:17,373] INFO [Broker id=0] Handling LeaderAndIsr request correlationId 13 from controller 0 for 1 partitions (state.change.logger)
[2021-02-08 20:49:17,375] INFO [Broker id=0] Stopped fetchers as part of LeaderAndIsr request correlationId 13 from controller 0 epoch 2 as part of the become-leader transition for 1 partitions (state.change.logger)
[2021-02-08 20:49:17,383] INFO [Broker id=0] Leader asic.energy-0 starts at leader epoch 0 from offset 0 with high watermark 0 ISR [0] addingReplicas [] removingReplicas []. Previous leader epoch was -1. (state.change.logger)
[2021-02-08 20:49:17,388] INFO [Broker id=0] Add 1 partitions and deleted 0 partitions from metadata cache in response to UpdateMetadata request sent by controller 0 epoch 2 with correlation id 14 (state.change.logger)
[2021-02-08 20:49:19,674] INFO [Controller id=0 epoch=2] Changed partition asic.frequency-0 state from NonExistentPartition to NewPartition with assigned replicas 0 (state.change.logger)
[2021-02-08 20:49:19,674] INFO [Controller id=0 epoch=2] Sending UpdateMetadata request to brokers Set() for 0 partitions (state.change.logger)
[2021-02-08 20:49:19,675] INFO [Controller id=0 epoch=2] Sending UpdateMetadata request to brokers Set() for 0 partitions (state.change.logger)
[2021-02-08 20:49:19,684] INFO [Controller id=0 epoch=2] Changed partition asic.frequency-0 from NewPartition to OnlinePartition with state LeaderAndIsr(leader=0, leaderEpoch=0, isr=List(0), zkVersion=0) (state.change.logger)
[2021-02-08 20:49:19,684] INFO [Controller id=0 epoch=2] Sending LeaderAndIsr request to broker 0 with 1 become-leader and 0 become-follower partitions (state.change.logger)
[2021-02-08 20:49:19,684] INFO [Controller id=0 epoch=2] Sending UpdateMetadata request to brokers Set(0) for 1 partitions (state.change.logger)
[2021-02-08 20:49:19,685] INFO [Controller id=0 epoch=2] Sending UpdateMetadata request to brokers Set() for 0 partitions (state.change.logger)
[2021-02-08 20:49:19,685] INFO [Broker id=0] Handling LeaderAndIsr request correlationId 15 from controller 0 for 1 partitions (state.change.logger)
[2021-02-08 20:49:19,686] INFO [Broker id=0] Stopped fetchers as part of LeaderAndIsr request correlationId 15 from controller 0 epoch 2 as part of the become-leader transition for 1 partitions (state.change.logger)
[2021-02-08 20:49:19,704] INFO [Broker id=0] Leader asic.frequency-0 starts at leader epoch 0 from offset 0 with high watermark 0 ISR [0] addingReplicas [] removingReplicas []. Previous leader epoch was -1. (state.change.logger)
[2021-02-08 20:49:19,709] INFO [Broker id=0] Add 1 partitions and deleted 0 partitions from metadata cache in response to UpdateMetadata request sent by controller 0 epoch 2 with correlation id 16 (state.change.logger)
[2021-02-08 20:49:22,281] INFO [Controller id=0 epoch=2] Changed partition i2c.sda.mosi.lcd.display-0 state from NonExistentPartition to NewPartition with assigned replicas 0 (state.change.logger)
[2021-02-08 20:49:22,281] INFO [Controller id=0 epoch=2] Sending UpdateMetadata request to brokers Set() for 0 partitions (state.change.logger)
[2021-02-08 20:49:22,282] INFO [Controller id=0 epoch=2] Sending UpdateMetadata request to brokers Set() for 0 partitions (state.change.logger)
[2021-02-08 20:49:22,290] INFO [Controller id=0 epoch=2] Changed partition i2c.sda.mosi.lcd.display-0 from NewPartition to OnlinePartition with state LeaderAndIsr(leader=0, leaderEpoch=0, isr=List(0), zkVersion=0) (state.change.logger)
[2021-02-08 20:49:22,290] INFO [Controller id=0 epoch=2] Sending LeaderAndIsr request to broker 0 with 1 become-leader and 0 become-follower partitions (state.change.logger)
[2021-02-08 20:49:22,290] INFO [Controller id=0 epoch=2] Sending UpdateMetadata request to brokers Set(0) for 1 partitions (state.change.logger)
[2021-02-08 20:49:22,291] INFO [Controller id=0 epoch=2] Sending UpdateMetadata request to brokers Set() for 0 partitions (state.change.logger)
[2021-02-08 20:49:22,291] INFO [Broker id=0] Handling LeaderAndIsr request correlationId 17 from controller 0 for 1 partitions (state.change.logger)
[2021-02-08 20:49:22,292] INFO [Broker id=0] Stopped fetchers as part of LeaderAndIsr request correlationId 17 from controller 0 epoch 2 as part of the become-leader transition for 1 partitions (state.change.logger)
[2021-02-08 20:49:22,303] INFO [Broker id=0] Leader i2c.sda.mosi.lcd.display-0 starts at leader epoch 0 from offset 0 with high watermark 0 ISR [0] addingReplicas [] removingReplicas []. Previous leader epoch was -1. (state.change.logger)
[2021-02-08 20:49:22,309] INFO [Broker id=0] Add 1 partitions and deleted 0 partitions from metadata cache in response to UpdateMetadata request sent by controller 0 epoch 2 with correlation id 18 (state.change.logger)
[2021-02-08 20:49:24,929] INFO [Controller id=0 epoch=2] Changed partition i2c.sda.miso.lcd.display-0 state from NonExistentPartition to NewPartition with assigned replicas 0 (state.change.logger)
[2021-02-08 20:49:24,929] INFO [Controller id=0 epoch=2] Sending UpdateMetadata request to brokers Set() for 0 partitions (state.change.logger)
[2021-02-08 20:49:24,930] INFO [Controller id=0 epoch=2] Sending UpdateMetadata request to brokers Set() for 0 partitions (state.change.logger)
[2021-02-08 20:49:24,939] INFO [Controller id=0 epoch=2] Changed partition i2c.sda.miso.lcd.display-0 from NewPartition to OnlinePartition with state LeaderAndIsr(leader=0, leaderEpoch=0, isr=List(0), zkVersion=0) (state.change.logger)
[2021-02-08 20:49:24,939] INFO [Controller id=0 epoch=2] Sending LeaderAndIsr request to broker 0 with 1 become-leader and 0 become-follower partitions (state.change.logger)
[2021-02-08 20:49:24,939] INFO [Controller id=0 epoch=2] Sending UpdateMetadata request to brokers Set(0) for 1 partitions (state.change.logger)
[2021-02-08 20:49:24,940] INFO [Controller id=0 epoch=2] Sending UpdateMetadata request to brokers Set() for 0 partitions (state.change.logger)
[2021-02-08 20:49:24,940] INFO [Broker id=0] Handling LeaderAndIsr request correlationId 19 from controller 0 for 1 partitions (state.change.logger)
[2021-02-08 20:49:24,941] INFO [Broker id=0] Stopped fetchers as part of LeaderAndIsr request correlationId 19 from controller 0 epoch 2 as part of the become-leader transition for 1 partitions (state.change.logger)
[2021-02-08 20:49:24,959] INFO [Broker id=0] Leader i2c.sda.miso.lcd.display-0 starts at leader epoch 0 from offset 0 with high watermark 0 ISR [0] addingReplicas [] removingReplicas []. Previous leader epoch was -1. (state.change.logger)
[2021-02-08 20:49:24,964] INFO [Broker id=0] Add 1 partitions and deleted 0 partitions from metadata cache in response to UpdateMetadata request sent by controller 0 epoch 2 with correlation id 20 (state.change.logger)
